<?xml version="1.0" encoding="UTF-8"?>
<coverage generated="1701272959935" clover="3.2.0">
  <project timestamp="1701272959936" name="All files">
    <metrics statements="33" coveredstatements="33" conditionals="24" coveredconditionals="22" methods="9" coveredmethods="9" elements="66" coveredelements="64" complexity="0" loc="33" ncloc="33" packages="1" files="9" classes="9"/>
    <file name="add.js" path="C:\Users\KaisaSormunen\TUNI\swtest_k-m_comp.se.200\src\add.js">
      <metrics statements="1" coveredstatements="1" conditionals="0" coveredconditionals="0" methods="1" coveredmethods="1"/>
      <line num="16" count="11" type="stmt"/>
    </file>
    <file name="ceil.js" path="C:\Users\KaisaSormunen\TUNI\swtest_k-m_comp.se.200\src\ceil.js">
      <metrics statements="1" coveredstatements="1" conditionals="0" coveredconditionals="0" methods="0" coveredmethods="0"/>
      <line num="22" count="1" type="stmt"/>
    </file>
    <file name="countBy.js" path="C:\Users\KaisaSormunen\TUNI\swtest_k-m_comp.se.200\src\countBy.js">
      <metrics statements="7" coveredstatements="7" conditionals="2" coveredconditionals="2" methods="2" coveredmethods="2"/>
      <line num="5" count="1" type="stmt"/>
      <line num="30" count="12" type="stmt"/>
      <line num="31" count="19" type="stmt"/>
      <line num="32" count="16" type="cond" truecount="2" falsecount="0"/>
      <line num="33" count="8" type="stmt"/>
      <line num="35" count="8" type="stmt"/>
      <line num="37" count="16" type="stmt"/>
    </file>
    <file name="difference.js" path="C:\Users\KaisaSormunen\TUNI\swtest_k-m_comp.se.200\src\difference.js">
      <metrics statements="1" coveredstatements="1" conditionals="2" coveredconditionals="2" methods="1" coveredmethods="1"/>
      <line num="25" count="20" type="cond" truecount="2" falsecount="0"/>
    </file>
    <file name="filter.js" path="C:\Users\KaisaSormunen\TUNI\swtest_k-m_comp.se.200\src\filter.js">
      <metrics statements="9" coveredstatements="9" conditionals="4" coveredconditionals="3" methods="1" coveredmethods="1"/>
      <line num="25" count="9" type="stmt"/>
      <line num="26" count="9" type="stmt"/>
      <line num="27" count="9" type="cond" truecount="1" falsecount="1"/>
      <line num="28" count="9" type="stmt"/>
      <line num="30" count="9" type="stmt"/>
      <line num="31" count="19" type="stmt"/>
      <line num="32" count="19" type="cond" truecount="2" falsecount="0"/>
      <line num="33" count="6" type="stmt"/>
      <line num="36" count="7" type="stmt"/>
    </file>
    <file name="isArrayLikeObject.js" path="C:\Users\KaisaSormunen\TUNI\swtest_k-m_comp.se.200\src\isArrayLikeObject.js">
      <metrics statements="1" coveredstatements="1" conditionals="2" coveredconditionals="2" methods="1" coveredmethods="1"/>
      <line num="28" count="40" type="cond" truecount="2" falsecount="0"/>
    </file>
    <file name="toInteger.js" path="C:\Users\KaisaSormunen\TUNI\swtest_k-m_comp.se.200\src\toInteger.js">
      <metrics statements="3" coveredstatements="3" conditionals="2" coveredconditionals="2" methods="1" coveredmethods="1"/>
      <line num="29" count="10" type="stmt"/>
      <line num="30" count="10" type="stmt"/>
      <line num="32" count="10" type="cond" truecount="2" falsecount="0"/>
    </file>
    <file name="toString.js" path="C:\Users\KaisaSormunen\TUNI\swtest_k-m_comp.se.200\src\toString.js">
      <metrics statements="9" coveredstatements="9" conditionals="12" coveredconditionals="11" methods="2" coveredmethods="2"/>
      <line num="4" count="1" type="stmt"/>
      <line num="28" count="18" type="cond" truecount="2" falsecount="0"/>
      <line num="29" count="1" type="stmt"/>
      <line num="31" count="17" type="cond" truecount="2" falsecount="0"/>
      <line num="33" count="6" type="cond" truecount="1" falsecount="1"/>
      <line num="35" count="15" type="cond" truecount="2" falsecount="0"/>
      <line num="36" count="1" type="stmt"/>
      <line num="38" count="14" type="stmt"/>
      <line num="39" count="14" type="cond" truecount="4" falsecount="0"/>
    </file>
    <file name="upperFirst.js" path="C:\Users\KaisaSormunen\TUNI\swtest_k-m_comp.se.200\src\upperFirst.js">
      <metrics statements="1" coveredstatements="1" conditionals="0" coveredconditionals="0" methods="0" coveredmethods="0"/>
      <line num="19" count="1" type="stmt"/>
    </file>
  </project>
</coverage>
