TN:
SF:src\add.js
FN:16,(anonymous_0)
FNF:1
FNH:1
FNDA:11,(anonymous_0)
DA:16,11
LF:1
LH:1
BRF:0
BRH:0
end_of_record
TN:
SF:src\ceil.js
FNF:0
FNH:0
DA:22,1
LF:1
LH:1
BRF:0
BRH:0
end_of_record
TN:
SF:src\countBy.js
FN:29,countBy
FN:30,(anonymous_1)
FNF:2
FNH:2
FNDA:12,countBy
FNDA:19,(anonymous_1)
DA:5,1
DA:30,12
DA:31,19
DA:32,16
DA:33,8
DA:35,8
DA:37,16
LF:7
LH:7
BRDA:32,0,0,8
BRDA:32,0,1,8
BRF:2
BRH:2
end_of_record
TN:
SF:src\difference.js
FN:24,difference
FNF:1
FNH:1
FNDA:20,difference
DA:25,20
LF:1
LH:1
BRDA:25,0,0,12
BRDA:25,0,1,8
BRF:2
BRH:2
end_of_record
TN:
SF:src\filter.js
FN:24,filter
FNF:1
FNH:1
FNDA:9,filter
DA:25,9
DA:26,9
DA:27,9
DA:28,9
DA:30,9
DA:31,19
DA:32,19
DA:33,6
DA:36,7
LF:9
LH:9
BRDA:27,0,0,0
BRDA:27,0,1,9
BRDA:32,1,0,6
BRDA:32,1,1,11
BRF:4
BRH:3
end_of_record
TN:
SF:src\isArrayLikeObject.js
FN:27,isArrayLikeObject
FNF:1
FNH:1
FNDA:40,isArrayLikeObject
DA:28,40
LF:1
LH:1
BRDA:28,0,0,40
BRDA:28,0,1,24
BRF:2
BRH:2
end_of_record
TN:
SF:src\toInteger.js
FN:28,toInteger
FNF:1
FNH:1
FNDA:10,toInteger
DA:29,10
DA:30,10
DA:32,10
LF:3
LH:3
BRDA:32,0,0,4
BRDA:32,0,1,6
BRF:2
BRH:2
end_of_record
TN:
SF:src\toString.js
FN:25,toString
FN:33,(anonymous_1)
FNF:2
FNH:2
FNDA:18,toString
FNDA:6,(anonymous_1)
DA:4,1
DA:28,18
DA:29,1
DA:31,17
DA:33,6
DA:35,15
DA:36,1
DA:38,14
DA:39,14
LF:9
LH:9
BRDA:28,0,0,1
BRDA:28,0,1,17
BRDA:31,1,0,2
BRDA:31,1,1,15
BRDA:33,2,0,0
BRDA:33,2,1,6
BRDA:35,3,0,1
BRDA:35,3,1,14
BRDA:39,4,0,1
BRDA:39,4,1,13
BRDA:39,5,0,14
BRDA:39,5,1,1
BRF:12
BRH:11
end_of_record
TN:
SF:src\upperFirst.js
FNF:0
FNH:0
DA:19,1
LF:1
LH:1
BRF:0
BRH:0
end_of_record
